<?xml version="1.0" encoding="UTF-8"?>
<testsuite xmlns:xsi="http://www.w3.org/2001/XMLSchema-instance" xsi:noNamespaceSchemaLocation="https://maven.apache.org/surefire/maven-surefire-plugin/xsd/surefire-test-report-3.0.xsd" version="3.0" name="br.com.bank.capd.bff.rapid.payment.config.HealthCheckEndpointConfigTest" time="0.648" tests="1" errors="0" skipped="0" failures="0">
  <properties>
[...]
</properties>
  <testcase name="testSetEndpoints" classname="br.com.bank.capd.bff.rapid.payment.config.HealthCheckEndpointConfigTest" time="0.109">
    <system-out><![CDATA[  _____         _      ____                    _
 |_   _|__  ___| |_   |  _ \ _   _ _ __  _ __ (_)_ __   __ _
   | |/ _ \/ __| __|  | |_) | | | | '_ \| '_ \| | '_ \ / _` |
   | |  __/\__ \ |_   |  _ <| |_| | | | | | | | | | | | (_| |_ _ _
   |_|\___||___/\__|  |_| \_\\__,_|_| |_|_| |_|_|_| |_|\__, (_|_|_)
                                                       |___/
Testing the application, booting the spring...
Powered by Spring Boot 3.3.9

2025-05-25T09:41:57.345-03:00  INFO 6196 --- [           main] [                                                 ] .c.b.r.p.c.HealthCheckEndpointConfigTest : Starting HealthCheckEndpointConfigTest using Java 17.0.15 with PID 6196 (started by Administrador in C:\Users\Administrador\projetos\00c-rubens-leme\bank-bff-boleto-rapido)
2025-05-25T09:41:57.346-03:00  INFO 6196 --- [           main] [                                                 ] .c.b.r.p.c.HealthCheckEndpointConfigTest : No active profile set, falling back to 1 default profile: "default"
2025-05-25T09:41:57.378-03:00  INFO 6196 --- [           main] [                                                 ] .c.b.r.p.c.HealthCheckEndpointConfigTest : Started HealthCheckEndpointConfigTest in 0.12 seconds (process running for 24.335)
]]></system-out>
  </testcase>
</testsuite>