<?xml version="1.0" encoding="UTF-8"?>
<testsuite xmlns:xsi="http://www.w3.org/2001/XMLSchema-instance" xsi:noNamespaceSchemaLocation="https://maven.apache.org/surefire/maven-surefire-plugin/xsd/surefire-test-report-3.0.xsd" version="3.0" name="br.com.bank.capd.bff.rapid.payment.adapter.output.RestTemplateResponseErrorHandlerTest" time="7.772" tests="1" errors="0" skipped="0" failures="0">
  <properties>
[...]
</properties>
  <testcase name="realizaChamadaApi_ocorreErroHttp404_entaoLanca_thenThrowServicoIndisponivelException" classname="br.com.bank.capd.bff.rapid.payment.adapter.output.RestTemplateResponseErrorHandlerTest" time="2.367">
    <system-out><![CDATA[22:43:14.896 [main] INFO org.springframework.test.context.support.AnnotationConfigContextLoaderUtils -- Could not detect default configuration classes for test class [br.com.bank.capd.bff.rapid.payment.adapter.output.RestTemplateResponseErrorHandlerTest]: RestTemplateResponseErrorHandlerTest does not declare any static, non-private, non-final, nested classes annotated with @Configuration.
22:43:15.619 [main] INFO org.springframework.boot.test.context.SpringBootTestContextBootstrapper -- Found @SpringBootConfiguration br.com.bank.capd.bff.rapid.payment.Application for test class br.com.bank.capd.bff.rapid.payment.adapter.output.RestTemplateResponseErrorHandlerTest
  _____         _      ____                    _
 |_   _|__  ___| |_   |  _ \ _   _ _ __  _ __ (_)_ __   __ _
   | |/ _ \/ __| __|  | |_) | | | | '_ \| '_ \| | '_ \ / _` |
   | |  __/\__ \ |_   |  _ <| |_| | | | | | | | | | | | (_| |_ _ _
   |_|\___||___/\__|  |_| \_\\__,_|_| |_|_| |_|_|_| |_|\__, (_|_|_)
                                                       |___/
Testing the application, booting the spring...
Powered by Spring Boot 3.3.9

2025-06-08T22:43:17.559Z  INFO 3159 --- [           main] [                                                 ] a.o.RestTemplateResponseErrorHandlerTest : Starting RestTemplateResponseErrorHandlerTest using Java 17.0.15 with PID 3159 (started by ruben in /home/ruben/projetos/bank-bff-boleto-rapido)
2025-06-08T22:43:17.569Z  INFO 3159 --- [           main] [                                                 ] a.o.RestTemplateResponseErrorHandlerTest : No active profile set, falling back to 1 default profile: "default"
2025-06-08T22:43:19.453Z  INFO 3159 --- [           main] [                                                 ] a.o.RestTemplateResponseErrorHandlerTest : Started RestTemplateResponseErrorHandlerTest in 3.515 seconds (process running for 7.647)
2025-06-08T22:43:19.483Z  INFO 3159 --- [           main] [                                                 ] b.c.b.c.bff.rapid.payment.Application    : ACTIVE PROFILES: [DEFAULT]
]]></system-out>
  </testcase>
</testsuite>